0 verbose cli /usr/bin/node-18 /usr/lib/node_modules_18/npm/bin/npm-cli.js
1 info using npm@9.8.1
2 info using node@v18.18.2
3 timing npm:load:whichnode Completed in 14ms
4 timing config:load:defaults Completed in 3ms
5 timing config:load:file:/usr/lib/node_modules_18/npm/npmrc Completed in 3ms
6 timing config:load:builtin Completed in 3ms
7 timing config:load:cli Completed in 14ms
8 timing config:load:env Completed in 1ms
9 timing config:load:project Completed in 2ms
10 timing config:load:file:/home/ec2-user/.npmrc Completed in 0ms
11 timing config:load:user Completed in 0ms
12 timing config:load:file:/etc/npmrc Completed in 0ms
13 timing config:load:global Completed in 2ms
14 timing config:load:setEnvs Completed in 1ms
15 timing config:load Completed in 27ms
16 timing npm:load:configload Completed in 27ms
17 timing config:load:flatten Completed in 15ms
18 timing npm:load:mkdirpcache Completed in 0ms
19 timing npm:load:mkdirplogs Completed in 0ms
20 verbose title npm exec
21 verbose argv "exec" "--version"
22 timing npm:load:setTitle Completed in 1ms
23 timing npm:load:display Completed in 1ms
24 verbose logfile logs-max:10 dir:/home/ec2-user/.npm/_logs/2024-03-03T00_20_03_337Z-
25 verbose logfile /home/ec2-user/.npm/_logs/2024-03-03T00_20_03_337Z-debug-0.log
26 timing npm:load:logFile Completed in 30ms
27 timing npm:load:timers Completed in 0ms
28 timing npm:load:configScope Completed in 0ms
29 timing npm:load Completed in 144ms
30 verbose exit 0
31 timing npm Completed in 163ms
32 info ok
