0 verbose cli /usr/bin/node-18 /usr/bin/npm
1 info using npm@9.8.1
2 info using node@v18.18.2
3 timing npm:load:whichnode Completed in 9ms
4 timing config:load:defaults Completed in 3ms
5 timing config:load:file:/usr/lib/node_modules_18/npm/npmrc Completed in 14ms
6 timing config:load:builtin Completed in 14ms
7 timing config:load:cli Completed in 3ms
8 timing config:load:env Completed in 0ms
9 timing config:load:project Completed in 2ms
10 timing config:load:file:/home/ec2-user/.npmrc Completed in 4ms
11 timing config:load:user Completed in 4ms
12 timing config:load:file:/etc/npmrc Completed in 1ms
13 timing config:load:global Completed in 1ms
14 timing config:load:setEnvs Completed in 2ms
15 timing config:load Completed in 29ms
16 timing npm:load:configload Completed in 29ms
17 timing config:load:flatten Completed in 16ms
18 timing npm:load:mkdirpcache Completed in 0ms
19 timing npm:load:mkdirplogs Completed in 1ms
20 verbose title npm list express
21 verbose argv "list" "express"
22 timing npm:load:setTitle Completed in 1ms
23 timing npm:load:display Completed in 3ms
24 verbose logfile logs-max:10 dir:/home/ec2-user/.npm/_logs/2024-04-15T23_32_41_088Z-
25 verbose logfile /home/ec2-user/.npm/_logs/2024-04-15T23_32_41_088Z-debug-0.log
26 timing npm:load:logFile Completed in 31ms
27 timing npm:load:timers Completed in 0ms
28 timing npm:load:configScope Completed in 0ms
29 timing npm:load Completed in 142ms
30 timing arborist:ctor Completed in 2ms
31 silly logfile start cleaning logs, removing 1 files
32 silly logfile done cleaning log files
33 timing arborist:ctor Completed in 0ms
34 timing command:list Completed in 478ms
35 verbose exit 0
36 timing npm Completed in 689ms
37 info ok
