0 verbose cli /usr/bin/node-18 /usr/lib/node_modules_18/npm/bin/npm-cli.js
1 info using npm@9.8.1
2 info using node@v18.18.2
3 timing npm:load:whichnode Completed in 14ms
4 timing config:load:defaults Completed in 3ms
5 timing config:load:file:/usr/lib/node_modules_18/npm/npmrc Completed in 3ms
6 timing config:load:builtin Completed in 3ms
7 timing config:load:cli Completed in 13ms
8 timing config:load:env Completed in 1ms
9 timing config:load:project Completed in 1ms
10 timing config:load:file:/home/ec2-user/.npmrc Completed in 0ms
11 timing config:load:user Completed in 1ms
12 timing config:load:file:/etc/npmrc Completed in 1ms
13 timing config:load:global Completed in 1ms
14 timing config:load:setEnvs Completed in 2ms
15 timing config:load Completed in 26ms
16 timing npm:load:configload Completed in 26ms
17 timing config:load:flatten Completed in 16ms
18 timing npm:load:mkdirpcache Completed in 0ms
19 timing npm:load:mkdirplogs Completed in 1ms
20 verbose title npm exec create-react-app myclock-app
21 verbose argv "exec" "--" "create-react-app" "myclock-app"
22 timing npm:load:setTitle Completed in 1ms
23 timing npm:load:display Completed in 11ms
24 verbose logfile logs-max:10 dir:/home/ec2-user/.npm/_logs/2024-03-03T00_20_49_898Z-
25 verbose logfile /home/ec2-user/.npm/_logs/2024-03-03T00_20_49_898Z-debug-0.log
26 timing npm:load:logFile Completed in 20ms
27 timing npm:load:timers Completed in 0ms
28 timing npm:load:configScope Completed in 0ms
29 timing npm:load Completed in 143ms
30 silly logfile done cleaning log files
31 timing arborist:ctor Completed in 2ms
32 http fetch GET 200 https://registry.npmjs.org/create-react-app 221ms (cache miss)
33 timing arborist:ctor Completed in 1ms
34 timing arborist:ctor Completed in 0ms
35 http fetch GET 200 https://registry.npmjs.org/npm 503ms (cache miss)
36 timing arborist:ctor Completed in 0ms
37 timing idealTree:init Completed in 81ms
38 timing idealTree:userRequests Completed in 5ms
39 silly idealTree buildDeps
40 silly fetch manifest create-react-app@5.0.1
41 http fetch GET 200 https://registry.npmjs.org/create-react-app 254ms (cache hit)
42 silly placeDep ROOT create-react-app@5.0.1 OK for:  want: 5.0.1
43 silly fetch manifest chalk@^4.1.2
44 silly fetch manifest commander@^4.1.1
45 silly fetch manifest cross-spawn@^7.0.3
46 silly fetch manifest envinfo@^7.8.1
47 silly fetch manifest fs-extra@^10.0.0
48 silly fetch manifest hyperquest@^2.1.3
49 silly fetch manifest prompts@^2.4.2
50 silly fetch manifest semver@^7.3.5
51 silly fetch manifest tar-pack@^3.4.1
52 silly fetch manifest tmp@^0.2.1
53 silly fetch manifest validate-npm-package-name@^3.0.0
54 http fetch GET 200 https://registry.npmjs.org/chalk 203ms (cache miss)
55 http fetch GET 200 https://registry.npmjs.org/commander 233ms (cache miss)
56 http fetch GET 200 https://registry.npmjs.org/hyperquest 248ms (cache miss)
57 http fetch GET 200 https://registry.npmjs.org/tar-pack 247ms (cache miss)
58 http fetch GET 200 https://registry.npmjs.org/validate-npm-package-name 250ms (cache miss)
59 http fetch GET 200 https://registry.npmjs.org/tmp 262ms (cache miss)
60 http fetch GET 200 https://registry.npmjs.org/cross-spawn 271ms (cache miss)
61 http fetch GET 200 https://registry.npmjs.org/fs-extra 277ms (cache miss)
62 http fetch GET 200 https://registry.npmjs.org/prompts 285ms (cache miss)
63 http fetch GET 200 https://registry.npmjs.org/envinfo 307ms (cache miss)
64 http fetch GET 200 https://registry.npmjs.org/semver 313ms (cache miss)
65 timing idealTree:#root Completed in 612ms
66 silly placeDep ROOT chalk@4.1.2 OK for: create-react-app@5.0.1 want: ^4.1.2
67 silly fetch manifest ansi-styles@^4.1.0
68 silly fetch manifest supports-color@^7.1.0
69 silly placeDep ROOT commander@4.1.1 OK for: create-react-app@5.0.1 want: ^4.1.1
70 silly placeDep ROOT cross-spawn@7.0.3 OK for: create-react-app@5.0.1 want: ^7.0.3
71 silly fetch manifest path-key@^3.1.0
72 silly fetch manifest shebang-command@^2.0.0
73 silly fetch manifest which@^2.0.1
74 silly placeDep ROOT envinfo@7.11.1 OK for: create-react-app@5.0.1 want: ^7.8.1
75 silly placeDep ROOT fs-extra@10.1.0 OK for: create-react-app@5.0.1 want: ^10.0.0
76 silly fetch manifest graceful-fs@^4.2.0
77 silly fetch manifest jsonfile@^6.0.1
78 silly fetch manifest universalify@^2.0.0
79 silly placeDep ROOT hyperquest@2.1.3 OK for: create-react-app@5.0.1 want: ^2.1.3
80 silly fetch manifest buffer-from@^0.1.1
81 silly fetch manifest duplexer2@~0.0.2
82 silly fetch manifest through2@~0.6.3
83 silly placeDep ROOT prompts@2.4.2 OK for: create-react-app@5.0.1 want: ^2.4.2
84 silly fetch manifest kleur@^3.0.3
85 silly fetch manifest sisteransi@^1.0.5
86 silly placeDep ROOT semver@7.6.0 OK for: create-react-app@5.0.1 want: ^7.3.5
87 silly fetch manifest lru-cache@^6.0.0
88 silly placeDep ROOT tar-pack@3.4.1 OK for: create-react-app@5.0.1 want: ^3.4.1
89 silly fetch manifest debug@^2.2.0
90 silly fetch manifest fstream@^1.0.10
91 silly fetch manifest fstream-ignore@^1.0.5
92 silly fetch manifest once@^1.3.3
93 silly fetch manifest readable-stream@^2.1.4
94 silly fetch manifest rimraf@^2.5.1
95 silly fetch manifest tar@^2.2.1
96 silly fetch manifest uid-number@^0.0.6
97 silly placeDep ROOT tmp@0.2.3 OK for: create-react-app@5.0.1 want: ^0.2.1
98 silly placeDep ROOT validate-npm-package-name@3.0.0 OK for: create-react-app@5.0.1 want: ^3.0.0
99 silly fetch manifest builtins@^1.0.3
100 http fetch GET 200 https://registry.npmjs.org/duplexer2 367ms (cache miss)
101 http fetch GET 200 https://registry.npmjs.org/shebang-command 386ms (cache miss)
102 http fetch GET 200 https://registry.npmjs.org/once 350ms (cache miss)
103 http fetch GET 200 https://registry.npmjs.org/buffer-from 370ms (cache miss)
104 http fetch GET 200 https://registry.npmjs.org/through2 372ms (cache miss)
105 http fetch GET 200 https://registry.npmjs.org/universalify 381ms (cache miss)
106 http fetch GET 200 https://registry.npmjs.org/path-key 397ms (cache miss)
107 http fetch GET 200 https://registry.npmjs.org/uid-number 360ms (cache miss)
108 http fetch GET 200 https://registry.npmjs.org/fstream-ignore 369ms (cache miss)
109 http fetch GET 200 https://registry.npmjs.org/jsonfile 391ms (cache miss)
110 http fetch GET 200 https://registry.npmjs.org/builtins 360ms (cache miss)
111 http fetch GET 200 https://registry.npmjs.org/which 418ms (cache miss)
112 http fetch GET 200 https://registry.npmjs.org/fstream 387ms (cache miss)
113 http fetch GET 200 https://registry.npmjs.org/sisteransi 395ms (cache miss)
114 http fetch GET 200 https://registry.npmjs.org/ansi-styles 438ms (cache miss)
115 http fetch GET 200 https://registry.npmjs.org/rimraf 394ms (cache miss)
116 http fetch GET 200 https://registry.npmjs.org/supports-color 457ms (cache miss)
117 http fetch GET 200 https://registry.npmjs.org/graceful-fs 457ms (cache miss)
118 http fetch GET 200 https://registry.npmjs.org/kleur 446ms (cache miss)
119 http fetch GET 200 https://registry.npmjs.org/debug 440ms (cache miss)
120 http fetch GET 200 https://registry.npmjs.org/tar 443ms (cache miss)
121 http fetch GET 200 https://registry.npmjs.org/readable-stream 477ms (cache miss)
122 http fetch GET 200 https://registry.npmjs.org/lru-cache 497ms (cache miss)
123 timing idealTree:node_modules/create-react-app Completed in 571ms
124 silly placeDep ROOT ansi-styles@4.3.0 OK for: chalk@4.1.2 want: ^4.1.0
125 silly fetch manifest color-convert@^2.0.1
126 silly placeDep ROOT supports-color@7.2.0 OK for: chalk@4.1.2 want: ^7.1.0
127 silly fetch manifest has-flag@^4.0.0
128 http fetch GET 200 https://registry.npmjs.org/color-convert 110ms (cache miss)
129 http fetch GET 200 https://registry.npmjs.org/has-flag 109ms (cache miss)
130 timing idealTree:node_modules/chalk Completed in 126ms
131 silly placeDep ROOT color-convert@2.0.1 OK for: ansi-styles@4.3.0 want: ^2.0.1
132 silly fetch manifest color-name@~1.1.4
133 http fetch GET 200 https://registry.npmjs.org/color-name 57ms (cache miss)
134 timing idealTree:node_modules/ansi-styles Completed in 60ms
135 silly placeDep ROOT color-name@1.1.4 OK for: color-convert@2.0.1 want: ~1.1.4
136 timing idealTree:node_modules/color-convert Completed in 2ms
137 timing idealTree:node_modules/color-name Completed in 0ms
138 timing idealTree:node_modules/commander Completed in 1ms
139 silly placeDep ROOT path-key@3.1.1 OK for: cross-spawn@7.0.3 want: ^3.1.0
140 silly placeDep ROOT shebang-command@2.0.0 OK for: cross-spawn@7.0.3 want: ^2.0.0
141 silly fetch manifest shebang-regex@^3.0.0
142 silly placeDep ROOT which@2.0.2 OK for: cross-spawn@7.0.3 want: ^2.0.1
143 silly fetch manifest isexe@^2.0.0
144 http fetch GET 200 https://registry.npmjs.org/isexe 53ms (cache miss)
145 http fetch GET 200 https://registry.npmjs.org/shebang-regex 70ms (cache miss)
146 timing idealTree:node_modules/cross-spawn Completed in 75ms
147 timing idealTree:node_modules/envinfo Completed in 0ms
148 silly placeDep ROOT graceful-fs@4.2.11 OK for: fs-extra@10.1.0 want: ^4.2.0
149 silly placeDep ROOT jsonfile@6.1.0 OK for: fs-extra@10.1.0 want: ^6.0.1
150 silly placeDep ROOT universalify@2.0.1 OK for: fs-extra@10.1.0 want: ^2.0.0
151 timing idealTree:node_modules/fs-extra Completed in 5ms
152 timing idealTree:node_modules/graceful-fs Completed in 0ms
153 silly placeDep ROOT buffer-from@0.1.2 OK for: hyperquest@2.1.3 want: ^0.1.1
154 silly placeDep ROOT duplexer2@0.0.2 OK for: hyperquest@2.1.3 want: ~0.0.2
155 silly fetch manifest readable-stream@~1.1.9
156 silly placeDep ROOT through2@0.6.5 OK for: hyperquest@2.1.3 want: ~0.6.3
157 silly fetch manifest readable-stream@>=1.0.33-1 <1.1.0-0
158 silly fetch manifest xtend@>=4.0.0 <4.1.0-0
159 http fetch GET 200 https://registry.npmjs.org/xtend 86ms (cache miss)
160 timing idealTree:node_modules/hyperquest Completed in 117ms
161 timing idealTree:node_modules/buffer-from Completed in 0ms
162 silly placeDep ROOT readable-stream@1.1.14 OK for: duplexer2@0.0.2 want: ~1.1.9
163 silly fetch manifest core-util-is@~1.0.0
164 silly fetch manifest isarray@0.0.1
165 silly fetch manifest string_decoder@~0.10.x
166 silly fetch manifest inherits@~2.0.1
167 http fetch GET 200 https://registry.npmjs.org/inherits 83ms (cache miss)
168 http fetch GET 200 https://registry.npmjs.org/isarray 85ms (cache miss)
169 http fetch GET 200 https://registry.npmjs.org/core-util-is 92ms (cache miss)
170 http fetch GET 200 https://registry.npmjs.org/string_decoder 89ms (cache miss)
171 timing idealTree:node_modules/duplexer2 Completed in 108ms
172 timing idealTree:node_modules/jsonfile Completed in 0ms
173 timing idealTree:node_modules/path-key Completed in 0ms
174 silly placeDep ROOT kleur@3.0.3 OK for: prompts@2.4.2 want: ^3.0.3
175 silly placeDep ROOT sisteransi@1.0.5 OK for: prompts@2.4.2 want: ^1.0.5
176 timing idealTree:node_modules/prompts Completed in 3ms
177 timing idealTree:node_modules/kleur Completed in 0ms
178 silly placeDep ROOT core-util-is@1.0.3 OK for: readable-stream@1.1.14 want: ~1.0.0
179 silly placeDep ROOT inherits@2.0.4 OK for: readable-stream@1.1.14 want: ~2.0.1
180 silly placeDep ROOT isarray@0.0.1 OK for: readable-stream@1.1.14 want: 0.0.1
181 silly placeDep ROOT string_decoder@0.10.31 OK for: readable-stream@1.1.14 want: ~0.10.x
182 timing idealTree:node_modules/readable-stream Completed in 16ms
183 timing idealTree:node_modules/core-util-is Completed in 0ms
184 timing idealTree:node_modules/inherits Completed in 0ms
185 timing idealTree:node_modules/isarray Completed in 0ms
186 silly placeDep ROOT lru-cache@6.0.0 OK for: semver@7.6.0 want: ^6.0.0
187 silly fetch manifest yallist@^4.0.0
188 http fetch GET 200 https://registry.npmjs.org/yallist 61ms (cache miss)
189 timing idealTree:node_modules/semver Completed in 64ms
190 silly placeDep ROOT yallist@4.0.0 OK for: lru-cache@6.0.0 want: ^4.0.0
191 timing idealTree:node_modules/lru-cache Completed in 2ms
192 silly placeDep ROOT shebang-regex@3.0.0 OK for: shebang-command@2.0.0 want: ^3.0.0
193 timing idealTree:node_modules/shebang-command Completed in 1ms
194 timing idealTree:node_modules/shebang-regex Completed in 0ms
195 timing idealTree:node_modules/sisteransi Completed in 0ms
196 timing idealTree:node_modules/string_decoder Completed in 0ms
197 silly placeDep ROOT has-flag@4.0.0 OK for: supports-color@7.2.0 want: ^4.0.0
198 timing idealTree:node_modules/supports-color Completed in 11ms
199 timing idealTree:node_modules/has-flag Completed in 0ms
200 silly placeDep ROOT debug@2.6.9 OK for: tar-pack@3.4.1 want: ^2.2.0
201 silly fetch manifest ms@2.0.0
202 silly placeDep ROOT fstream@1.0.12 OK for: tar-pack@3.4.1 want: ^1.0.10
203 silly fetch manifest mkdirp@>=0.5 0
204 silly fetch manifest rimraf@2
205 silly placeDep ROOT fstream-ignore@1.0.5 OK for: tar-pack@3.4.1 want: ^1.0.5
206 silly fetch manifest minimatch@^3.0.0
207 silly placeDep ROOT once@1.4.0 OK for: tar-pack@3.4.1 want: ^1.3.3
208 silly fetch manifest wrappy@1
209 silly placeDep node_modules/tar-pack readable-stream@2.3.8 OK for: tar-pack@3.4.1 want: ^2.1.4
210 silly fetch manifest isarray@~1.0.0
211 silly fetch manifest process-nextick-args@~2.0.0
212 silly fetch manifest safe-buffer@~5.1.1
213 silly fetch manifest string_decoder@~1.1.1
214 silly fetch manifest util-deprecate@~1.0.1
215 silly placeDep ROOT rimraf@2.7.1 OK for: tar-pack@3.4.1 want: ^2.5.1
216 silly fetch manifest glob@^7.1.3
217 silly placeDep ROOT tar@2.2.2 OK for: tar-pack@3.4.1 want: ^2.2.1
218 silly fetch manifest block-stream@*
219 silly placeDep ROOT uid-number@0.0.6 OK for: tar-pack@3.4.1 want: ^0.0.6
220 http fetch GET 200 https://registry.npmjs.org/wrappy 214ms (cache miss)
221 http fetch GET 200 https://registry.npmjs.org/util-deprecate 204ms (cache miss)
222 http fetch GET 200 https://registry.npmjs.org/block-stream 200ms (cache miss)
223 http fetch GET 200 https://registry.npmjs.org/process-nextick-args 215ms (cache miss)
224 http fetch GET 200 https://registry.npmjs.org/safe-buffer 215ms (cache miss)
225 http fetch GET 200 https://registry.npmjs.org/ms 237ms (cache miss)
226 http fetch GET 200 https://registry.npmjs.org/mkdirp 238ms (cache miss)
227 http fetch GET 200 https://registry.npmjs.org/glob 229ms (cache miss)
228 http fetch GET 200 https://registry.npmjs.org/minimatch 255ms (cache miss)
229 timing idealTree:node_modules/tar-pack Completed in 274ms
230 silly placeDep ROOT ms@2.0.0 OK for: debug@2.6.9 want: 2.0.0
231 timing idealTree:node_modules/debug Completed in 2ms
232 silly placeDep ROOT mkdirp@0.5.6 OK for: fstream@1.0.12 want: >=0.5 0
233 silly fetch manifest minimist@^1.2.6
234 http fetch GET 200 https://registry.npmjs.org/minimist 52ms (cache miss)
235 timing idealTree:node_modules/fstream Completed in 66ms
236 silly placeDep ROOT minimatch@3.1.2 OK for: fstream-ignore@1.0.5 want: ^3.0.0
237 silly fetch manifest brace-expansion@^1.1.7
238 http fetch GET 200 https://registry.npmjs.org/brace-expansion 49ms (cache miss)
239 timing idealTree:node_modules/fstream-ignore Completed in 60ms
240 silly placeDep ROOT brace-expansion@1.1.11 OK for: minimatch@3.1.2 want: ^1.1.7
241 silly fetch manifest balanced-match@^1.0.0
242 silly fetch manifest concat-map@0.0.1
243 http fetch GET 200 https://registry.npmjs.org/concat-map 65ms (cache miss)
244 http fetch GET 200 https://registry.npmjs.org/balanced-match 67ms (cache miss)
245 timing idealTree:node_modules/minimatch Completed in 70ms
246 silly placeDep ROOT balanced-match@1.0.2 OK for: brace-expansion@1.1.11 want: ^1.0.0
247 silly placeDep ROOT concat-map@0.0.1 OK for: brace-expansion@1.1.11 want: 0.0.1
248 timing idealTree:node_modules/brace-expansion Completed in 3ms
249 timing idealTree:node_modules/balanced-match Completed in 1ms
250 timing idealTree:node_modules/concat-map Completed in 0ms
251 silly placeDep ROOT minimist@1.2.8 OK for: mkdirp@0.5.6 want: ^1.2.6
252 timing idealTree:node_modules/mkdirp Completed in 1ms
253 timing idealTree:node_modules/minimist Completed in 0ms
254 timing idealTree:node_modules/ms Completed in 0ms
255 silly placeDep ROOT wrappy@1.0.2 OK for: once@1.4.0 want: 1
256 timing idealTree:node_modules/once Completed in 11ms
257 silly placeDep ROOT glob@7.2.3 OK for: rimraf@2.7.1 want: ^7.1.3
258 silly fetch manifest fs.realpath@^1.0.0
259 silly fetch manifest inflight@^1.0.4
260 silly fetch manifest path-is-absolute@^1.0.0
261 http fetch GET 200 https://registry.npmjs.org/fs.realpath 61ms (cache miss)
262 http fetch GET 200 https://registry.npmjs.org/path-is-absolute 66ms (cache miss)
263 http fetch GET 200 https://registry.npmjs.org/inflight 72ms (cache miss)
264 timing idealTree:node_modules/rimraf Completed in 78ms
265 silly placeDep ROOT fs.realpath@1.0.0 OK for: glob@7.2.3 want: ^1.0.0
266 silly placeDep ROOT inflight@1.0.6 OK for: glob@7.2.3 want: ^1.0.4
267 silly placeDep ROOT path-is-absolute@1.0.1 OK for: glob@7.2.3 want: ^1.0.0
268 timing idealTree:node_modules/glob Completed in 7ms
269 timing idealTree:node_modules/fs.realpath Completed in 1ms
270 timing idealTree:node_modules/inflight Completed in 0ms
271 timing idealTree:node_modules/path-is-absolute Completed in 0ms
272 silly placeDep ROOT block-stream@0.0.9 OK for: tar@2.2.2 want: *
273 timing idealTree:node_modules/tar Completed in 1ms
274 timing idealTree:node_modules/block-stream Completed in 0ms
275 silly placeDep node_modules/through2 readable-stream@1.0.34 OK for: through2@0.6.5 want: >=1.0.33-1 <1.1.0-0
276 silly placeDep ROOT xtend@4.0.2 OK for: through2@0.6.5 want: >=4.0.0 <4.1.0-0
277 timing idealTree:node_modules/through2 Completed in 9ms
278 timing idealTree:node_modules/tmp Completed in 0ms
279 timing idealTree:node_modules/uid-number Completed in 0ms
280 timing idealTree:node_modules/universalify Completed in 0ms
281 silly placeDep ROOT builtins@1.0.3 OK for: validate-npm-package-name@3.0.0 want: ^1.0.3
282 timing idealTree:node_modules/validate-npm-package-name Completed in 2ms
283 timing idealTree:node_modules/builtins Completed in 0ms
284 silly placeDep ROOT isexe@2.0.0 OK for: which@2.0.2 want: ^2.0.0
285 timing idealTree:node_modules/which Completed in 1ms
286 timing idealTree:node_modules/isexe Completed in 0ms
287 timing idealTree:node_modules/wrappy Completed in 0ms
288 timing idealTree:node_modules/xtend Completed in 0ms
289 timing idealTree:node_modules/yallist Completed in 0ms
290 silly placeDep node_modules/tar-pack isarray@1.0.0 OK for: readable-stream@2.3.8 want: ~1.0.0
291 silly placeDep ROOT process-nextick-args@2.0.1 OK for: readable-stream@2.3.8 want: ~2.0.0
292 silly placeDep ROOT safe-buffer@5.1.2 OK for: readable-stream@2.3.8 want: ~5.1.1
293 silly placeDep node_modules/tar-pack string_decoder@1.1.1 OK for: readable-stream@2.3.8 want: ~1.1.1
294 silly placeDep ROOT util-deprecate@1.0.2 OK for: readable-stream@2.3.8 want: ~1.0.1
295 timing idealTree:node_modules/tar-pack/node_modules/readable-stream Completed in 11ms
296 timing idealTree:node_modules/process-nextick-args Completed in 1ms
297 timing idealTree:node_modules/safe-buffer Completed in 0ms
298 timing idealTree:node_modules/util-deprecate Completed in 0ms
299 timing idealTree:node_modules/tar-pack/node_modules/isarray Completed in 0ms
300 timing idealTree:node_modules/tar-pack/node_modules/string_decoder Completed in 0ms
301 timing idealTree:node_modules/through2/node_modules/readable-stream Completed in 0ms
302 timing idealTree:buildDeps Completed in 2385ms
303 timing idealTree:fixDepFlags Completed in 2ms
304 timing idealTree Completed in 2476ms
305 timing reify:loadTrees Completed in 2477ms
306 timing reify:diffTrees Completed in 4ms
307 silly reify moves {}
308 timing reify:retireShallow Completed in 2ms
309 timing reify:createSparse Completed in 22ms
310 timing reify:loadBundles Completed in 0ms
311 silly audit bulk request {
311 silly audit   'create-react-app': [ '5.0.1' ],
311 silly audit   chalk: [ '4.1.2' ],
311 silly audit   commander: [ '4.1.1' ],
311 silly audit   'cross-spawn': [ '7.0.3' ],
311 silly audit   envinfo: [ '7.11.1' ],
311 silly audit   'fs-extra': [ '10.1.0' ],
311 silly audit   hyperquest: [ '2.1.3' ],
311 silly audit   prompts: [ '2.4.2' ],
311 silly audit   semver: [ '7.6.0' ],
311 silly audit   'tar-pack': [ '3.4.1' ],
311 silly audit   tmp: [ '0.2.3' ],
311 silly audit   'validate-npm-package-name': [ '3.0.0' ],
311 silly audit   'ansi-styles': [ '4.3.0' ],
311 silly audit   'supports-color': [ '7.2.0' ],
311 silly audit   'color-convert': [ '2.0.1' ],
311 silly audit   'color-name': [ '1.1.4' ],
311 silly audit   'path-key': [ '3.1.1' ],
311 silly audit   'shebang-command': [ '2.0.0' ],
311 silly audit   which: [ '2.0.2' ],
311 silly audit   'graceful-fs': [ '4.2.11' ],
311 silly audit   jsonfile: [ '6.1.0' ],
311 silly audit   universalify: [ '2.0.1' ],
311 silly audit   'buffer-from': [ '0.1.2' ],
311 silly audit   duplexer2: [ '0.0.2' ],
311 silly audit   through2: [ '0.6.5' ],
311 silly audit   'readable-stream': [ '1.1.14', '2.3.8', '1.0.34' ],
311 silly audit   kleur: [ '3.0.3' ],
311 silly audit   sisteransi: [ '1.0.5' ],
311 silly audit   'core-util-is': [ '1.0.3' ],
311 silly audit   inherits: [ '2.0.4' ],
311 silly audit   isarray: [ '0.0.1', '1.0.0' ],
311 silly audit   string_decoder: [ '0.10.31', '1.1.1' ],
311 silly audit   'lru-cache': [ '6.0.0' ],
311 silly audit   yallist: [ '4.0.0' ],
311 silly audit   'shebang-regex': [ '3.0.0' ],
311 silly audit   'has-flag': [ '4.0.0' ],
311 silly audit   debug: [ '2.6.9' ],
311 silly audit   fstream: [ '1.0.12' ],
311 silly audit   'fstream-ignore': [ '1.0.5' ],
311 silly audit   once: [ '1.4.0' ],
311 silly audit   rimraf: [ '2.7.1' ],
311 silly audit   tar: [ '2.2.2' ],
311 silly audit   'uid-number': [ '0.0.6' ],
311 silly audit   ms: [ '2.0.0' ],
311 silly audit   mkdirp: [ '0.5.6' ],
311 silly audit   minimatch: [ '3.1.2' ],
311 silly audit   'brace-expansion': [ '1.1.11' ],
311 silly audit   'balanced-match': [ '1.0.2' ],
311 silly audit   'concat-map': [ '0.0.1' ],
311 silly audit   minimist: [ '1.2.8' ],
311 silly audit   wrappy: [ '1.0.2' ],
311 silly audit   glob: [ '7.2.3' ],
311 silly audit   'fs.realpath': [ '1.0.0' ],
311 silly audit   inflight: [ '1.0.6' ],
311 silly audit   'path-is-absolute': [ '1.0.1' ],
311 silly audit   'block-stream': [ '0.0.9' ],
311 silly audit   xtend: [ '4.0.2' ],
311 silly audit   builtins: [ '1.0.3' ],
311 silly audit   isexe: [ '2.0.0' ],
311 silly audit   'process-nextick-args': [ '2.0.1' ],
311 silly audit   'safe-buffer': [ '5.1.2' ],
311 silly audit   'util-deprecate': [ '1.0.2' ]
311 silly audit }
312 silly tarball no local data for string_decoder@https://registry.npmjs.org/string_decoder/-/string_decoder-1.1.1.tgz. Extracting by manifest.
313 silly tarball no local data for chalk@https://registry.npmjs.org/chalk/-/chalk-4.1.2.tgz. Extracting by manifest.
314 silly tarball no local data for create-react-app@https://registry.npmjs.org/create-react-app/-/create-react-app-5.0.1.tgz. Extracting by manifest.
315 silly tarball no local data for isarray@https://registry.npmjs.org/isarray/-/isarray-1.0.0.tgz. Extracting by manifest.
316 silly tarball no local data for readable-stream@https://registry.npmjs.org/readable-stream/-/readable-stream-2.3.8.tgz. Extracting by manifest.
317 silly tarball no local data for readable-stream@https://registry.npmjs.org/readable-stream/-/readable-stream-1.0.34.tgz. Extracting by manifest.
318 silly tarball no local data for util-deprecate@https://registry.npmjs.org/util-deprecate/-/util-deprecate-1.0.2.tgz. Extracting by manifest.
319 silly tarball no local data for safe-buffer@https://registry.npmjs.org/safe-buffer/-/safe-buffer-5.1.2.tgz. Extracting by manifest.
320 silly tarball no local data for process-nextick-args@https://registry.npmjs.org/process-nextick-args/-/process-nextick-args-2.0.1.tgz. Extracting by manifest.
321 silly tarball no local data for isexe@https://registry.npmjs.org/isexe/-/isexe-2.0.0.tgz. Extracting by manifest.
322 silly tarball no local data for builtins@https://registry.npmjs.org/builtins/-/builtins-1.0.3.tgz. Extracting by manifest.
323 silly tarball no local data for xtend@https://registry.npmjs.org/xtend/-/xtend-4.0.2.tgz. Extracting by manifest.
324 silly tarball no local data for block-stream@https://registry.npmjs.org/block-stream/-/block-stream-0.0.9.tgz. Extracting by manifest.
325 silly tarball no local data for path-is-absolute@https://registry.npmjs.org/path-is-absolute/-/path-is-absolute-1.0.1.tgz. Extracting by manifest.
326 silly tarball no local data for inflight@https://registry.npmjs.org/inflight/-/inflight-1.0.6.tgz. Extracting by manifest.
327 silly tarball no local data for fs.realpath@https://registry.npmjs.org/fs.realpath/-/fs.realpath-1.0.0.tgz. Extracting by manifest.
328 silly tarball no local data for glob@https://registry.npmjs.org/glob/-/glob-7.2.3.tgz. Extracting by manifest.
329 silly tarball no local data for wrappy@https://registry.npmjs.org/wrappy/-/wrappy-1.0.2.tgz. Extracting by manifest.
330 silly tarball no local data for minimist@https://registry.npmjs.org/minimist/-/minimist-1.2.8.tgz. Extracting by manifest.
331 silly tarball no local data for concat-map@https://registry.npmjs.org/concat-map/-/concat-map-0.0.1.tgz. Extracting by manifest.
332 silly tarball no local data for balanced-match@https://registry.npmjs.org/balanced-match/-/balanced-match-1.0.2.tgz. Extracting by manifest.
333 silly tarball no local data for brace-expansion@https://registry.npmjs.org/brace-expansion/-/brace-expansion-1.1.11.tgz. Extracting by manifest.
334 silly tarball no local data for minimatch@https://registry.npmjs.org/minimatch/-/minimatch-3.1.2.tgz. Extracting by manifest.
335 silly tarball no local data for mkdirp@https://registry.npmjs.org/mkdirp/-/mkdirp-0.5.6.tgz. Extracting by manifest.
336 silly tarball no local data for ms@https://registry.npmjs.org/ms/-/ms-2.0.0.tgz. Extracting by manifest.
337 silly tarball no local data for uid-number@https://registry.npmjs.org/uid-number/-/uid-number-0.0.6.tgz. Extracting by manifest.
338 silly tarball no local data for tar@https://registry.npmjs.org/tar/-/tar-2.2.2.tgz. Extracting by manifest.
339 silly tarball no local data for rimraf@https://registry.npmjs.org/rimraf/-/rimraf-2.7.1.tgz. Extracting by manifest.
340 silly tarball no local data for once@https://registry.npmjs.org/once/-/once-1.4.0.tgz. Extracting by manifest.
341 silly tarball no local data for fstream-ignore@https://registry.npmjs.org/fstream-ignore/-/fstream-ignore-1.0.5.tgz. Extracting by manifest.
342 silly tarball no local data for fstream@https://registry.npmjs.org/fstream/-/fstream-1.0.12.tgz. Extracting by manifest.
343 silly tarball no local data for debug@https://registry.npmjs.org/debug/-/debug-2.6.9.tgz. Extracting by manifest.
344 silly tarball no local data for has-flag@https://registry.npmjs.org/has-flag/-/has-flag-4.0.0.tgz. Extracting by manifest.
345 silly tarball no local data for shebang-regex@https://registry.npmjs.org/shebang-regex/-/shebang-regex-3.0.0.tgz. Extracting by manifest.
346 silly tarball no local data for yallist@https://registry.npmjs.org/yallist/-/yallist-4.0.0.tgz. Extracting by manifest.
347 silly tarball no local data for lru-cache@https://registry.npmjs.org/lru-cache/-/lru-cache-6.0.0.tgz. Extracting by manifest.
348 silly tarball no local data for string_decoder@https://registry.npmjs.org/string_decoder/-/string_decoder-0.10.31.tgz. Extracting by manifest.
349 silly tarball no local data for isarray@https://registry.npmjs.org/isarray/-/isarray-0.0.1.tgz. Extracting by manifest.
350 silly tarball no local data for inherits@https://registry.npmjs.org/inherits/-/inherits-2.0.4.tgz. Extracting by manifest.
351 silly tarball no local data for core-util-is@https://registry.npmjs.org/core-util-is/-/core-util-is-1.0.3.tgz. Extracting by manifest.
352 silly tarball no local data for sisteransi@https://registry.npmjs.org/sisteransi/-/sisteransi-1.0.5.tgz. Extracting by manifest.
353 silly tarball no local data for kleur@https://registry.npmjs.org/kleur/-/kleur-3.0.3.tgz. Extracting by manifest.
354 silly tarball no local data for readable-stream@https://registry.npmjs.org/readable-stream/-/readable-stream-1.1.14.tgz. Extracting by manifest.
355 silly tarball no local data for through2@https://registry.npmjs.org/through2/-/through2-0.6.5.tgz. Extracting by manifest.
356 silly tarball no local data for duplexer2@https://registry.npmjs.org/duplexer2/-/duplexer2-0.0.2.tgz. Extracting by manifest.
357 silly tarball no local data for buffer-from@https://registry.npmjs.org/buffer-from/-/buffer-from-0.1.2.tgz. Extracting by manifest.
358 silly tarball no local data for universalify@https://registry.npmjs.org/universalify/-/universalify-2.0.1.tgz. Extracting by manifest.
359 silly tarball no local data for jsonfile@https://registry.npmjs.org/jsonfile/-/jsonfile-6.1.0.tgz. Extracting by manifest.
360 silly tarball no local data for graceful-fs@https://registry.npmjs.org/graceful-fs/-/graceful-fs-4.2.11.tgz. Extracting by manifest.
361 silly tarball no local data for which@https://registry.npmjs.org/which/-/which-2.0.2.tgz. Extracting by manifest.
362 silly tarball no local data for shebang-command@https://registry.npmjs.org/shebang-command/-/shebang-command-2.0.0.tgz. Extracting by manifest.
363 silly tarball no local data for path-key@https://registry.npmjs.org/path-key/-/path-key-3.1.1.tgz. Extracting by manifest.
364 silly tarball no local data for color-name@https://registry.npmjs.org/color-name/-/color-name-1.1.4.tgz. Extracting by manifest.
365 silly tarball no local data for color-convert@https://registry.npmjs.org/color-convert/-/color-convert-2.0.1.tgz. Extracting by manifest.
366 silly tarball no local data for supports-color@https://registry.npmjs.org/supports-color/-/supports-color-7.2.0.tgz. Extracting by manifest.
367 silly tarball no local data for ansi-styles@https://registry.npmjs.org/ansi-styles/-/ansi-styles-4.3.0.tgz. Extracting by manifest.
368 silly tarball no local data for validate-npm-package-name@https://registry.npmjs.org/validate-npm-package-name/-/validate-npm-package-name-3.0.0.tgz. Extracting by manifest.
369 silly tarball no local data for tmp@https://registry.npmjs.org/tmp/-/tmp-0.2.3.tgz. Extracting by manifest.
370 silly tarball no local data for tar-pack@https://registry.npmjs.org/tar-pack/-/tar-pack-3.4.1.tgz. Extracting by manifest.
371 silly tarball no local data for semver@https://registry.npmjs.org/semver/-/semver-7.6.0.tgz. Extracting by manifest.
372 silly tarball no local data for prompts@https://registry.npmjs.org/prompts/-/prompts-2.4.2.tgz. Extracting by manifest.
373 silly tarball no local data for hyperquest@https://registry.npmjs.org/hyperquest/-/hyperquest-2.1.3.tgz. Extracting by manifest.
374 silly tarball no local data for fs-extra@https://registry.npmjs.org/fs-extra/-/fs-extra-10.1.0.tgz. Extracting by manifest.
375 silly tarball no local data for envinfo@https://registry.npmjs.org/envinfo/-/envinfo-7.11.1.tgz. Extracting by manifest.
376 silly tarball no local data for cross-spawn@https://registry.npmjs.org/cross-spawn/-/cross-spawn-7.0.3.tgz. Extracting by manifest.
377 silly tarball no local data for commander@https://registry.npmjs.org/commander/-/commander-4.1.1.tgz. Extracting by manifest.
378 http fetch POST 200 https://registry.npmjs.org/-/npm/v1/security/advisories/bulk 664ms
379 timing auditReport:getReport Completed in 681ms
380 silly audit report {
380 silly audit report   tar: [
380 silly audit report     {
380 silly audit report       id: 1089685,
380 silly audit report       url: 'https://github.com/advisories/GHSA-3jfq-g458-7qm9',
380 silly audit report       title: 'Arbitrary File Creation/Overwrite due to insufficient absolute path sanitization',
380 silly audit report       severity: 'high',
380 silly audit report       vulnerable_versions: '<3.2.2',
380 silly audit report       cwe: [Array],
380 silly audit report       cvss: [Object]
380 silly audit report     },
380 silly audit report     {
380 silly audit report       id: 1095117,
380 silly audit report       url: 'https://github.com/advisories/GHSA-5955-9wpr-37jh',
380 silly audit report       title: 'Arbitrary File Creation/Overwrite on Windows via insufficient relative path sanitization',
380 silly audit report       severity: 'high',
380 silly audit report       vulnerable_versions: '<4.4.18',
380 silly audit report       cwe: [Array],
380 silly audit report       cvss: [Object]
380 silly audit report     }
380 silly audit report   ]
380 silly audit report }
381 timing metavuln:packument:tar Completed in 0ms
382 timing metavuln:cache:get:security-advisory:tar:Oa066nJpV2ox85F6qnk1N5eWmAmoWAMU7byYhWk4oYfHYrQ8aGHfCKRikfcy0dHDcKWKiPRc7Nz7R9fxKkj0Yw== Completed in 79ms
383 timing metavuln:load:security-advisory:tar:1089685 Completed in 5ms
384 timing metavuln:cache:get:security-advisory:tar:2lGtz15Gs28nRX11iCY/mSa25Ky4CfNVzD5qptDvtqdkLXPb/znmxdJ/4OrOyJZ2qQgFtnfxP9ee2xfimUMfuw== Completed in 85ms
385 timing metavuln:load:security-advisory:tar:1095117 Completed in 25ms
386 http fetch GET 200 https://registry.npmjs.org/block-stream/-/block-stream-0.0.9.tgz 1345ms (cache miss)
387 timing reifyNode:node_modules/block-stream Completed in 1532ms
388 http fetch GET 200 https://registry.npmjs.org/process-nextick-args/-/process-nextick-args-2.0.1.tgz 1391ms (cache miss)
389 timing reifyNode:node_modules/process-nextick-args Completed in 1532ms
390 http fetch GET 200 https://registry.npmjs.org/xtend/-/xtend-4.0.2.tgz 1348ms (cache miss)
391 timing reifyNode:node_modules/xtend Completed in 1543ms
392 http fetch GET 200 https://registry.npmjs.org/balanced-match/-/balanced-match-1.0.2.tgz 1319ms (cache miss)
393 timing reifyNode:node_modules/balanced-match Completed in 1538ms
394 http fetch GET 200 https://registry.npmjs.org/string_decoder/-/string_decoder-1.1.1.tgz 1461ms (cache miss)
395 timing reifyNode:node_modules/tar-pack/node_modules/string_decoder Completed in 1538ms
396 http fetch GET 200 https://registry.npmjs.org/isarray/-/isarray-1.0.0.tgz 1448ms (cache miss)
397 timing reifyNode:node_modules/tar-pack/node_modules/isarray Completed in 1538ms
398 http fetch GET 200 https://registry.npmjs.org/universalify/-/universalify-2.0.1.tgz 1258ms (cache miss)
399 timing reifyNode:node_modules/universalify Completed in 1556ms
400 http fetch GET 200 https://registry.npmjs.org/core-util-is/-/core-util-is-1.0.3.tgz 1269ms (cache miss)
401 timing reifyNode:node_modules/core-util-is Completed in 1557ms
402 http fetch GET 200 https://registry.npmjs.org/chalk/-/chalk-4.1.2.tgz 1472ms (cache miss)
403 timing reifyNode:node_modules/chalk Completed in 1556ms
404 http fetch GET 200 https://registry.npmjs.org/fs.realpath/-/fs.realpath-1.0.0.tgz 1375ms (cache miss)
405 timing reifyNode:node_modules/fs.realpath Completed in 1565ms
406 http fetch GET 200 https://registry.npmjs.org/ms/-/ms-2.0.0.tgz 1311ms (cache miss)
407 timing reifyNode:node_modules/ms Completed in 1560ms
408 http fetch GET 200 https://registry.npmjs.org/string_decoder/-/string_decoder-0.10.31.tgz 1288ms (cache miss)
409 timing reifyNode:node_modules/string_decoder Completed in 1560ms
410 http fetch GET 200 https://registry.npmjs.org/once/-/once-1.4.0.tgz 1307ms (cache miss)
411 timing reifyNode:node_modules/once Completed in 1561ms
412 http fetch GET 200 https://registry.npmjs.org/concat-map/-/concat-map-0.0.1.tgz 1345ms (cache miss)
413 timing reifyNode:node_modules/concat-map Completed in 1562ms
414 http fetch GET 200 https://registry.npmjs.org/path-is-absolute/-/path-is-absolute-1.0.1.tgz 1380ms (cache miss)
415 timing reifyNode:node_modules/path-is-absolute Completed in 1568ms
416 http fetch GET 200 https://registry.npmjs.org/wrappy/-/wrappy-1.0.2.tgz 1359ms (cache miss)
417 timing reifyNode:node_modules/wrappy Completed in 1563ms
418 http fetch GET 200 https://registry.npmjs.org/util-deprecate/-/util-deprecate-1.0.2.tgz 1434ms (cache miss)
419 timing reifyNode:node_modules/util-deprecate Completed in 1570ms
420 http fetch GET 200 https://registry.npmjs.org/uid-number/-/uid-number-0.0.6.tgz 1312ms (cache miss)
421 timing reifyNode:node_modules/uid-number Completed in 1563ms
422 http fetch GET 200 https://registry.npmjs.org/builtins/-/builtins-1.0.3.tgz 1387ms (cache miss)
423 timing reifyNode:node_modules/builtins Completed in 1570ms
424 timing metavuln:cache:put:security-advisory:tar:2lGtz15Gs28nRX11iCY/mSa25Ky4CfNVzD5qptDvtqdkLXPb/znmxdJ/4OrOyJZ2qQgFtnfxP9ee2xfimUMfuw== Completed in 800ms
425 timing metavuln:calculate:security-advisory:tar:1095117 Completed in 910ms
426 http fetch GET 200 https://registry.npmjs.org/through2/-/through2-0.6.5.tgz 1283ms (cache miss)
427 timing reifyNode:node_modules/through2 Completed in 1578ms
428 http fetch GET 200 https://registry.npmjs.org/inflight/-/inflight-1.0.6.tgz 1397ms (cache miss)
429 timing reifyNode:node_modules/inflight Completed in 1585ms
430 http fetch GET 200 https://registry.npmjs.org/yallist/-/yallist-4.0.0.tgz 1310ms (cache miss)
431 timing reifyNode:node_modules/yallist Completed in 1580ms
432 http fetch GET 200 https://registry.npmjs.org/color-name/-/color-name-1.1.4.tgz 1278ms (cache miss)
433 timing reifyNode:node_modules/color-name Completed in 1583ms
434 http fetch GET 200 https://registry.npmjs.org/brace-expansion/-/brace-expansion-1.1.11.tgz 1367ms (cache miss)
435 timing reifyNode:node_modules/brace-expansion Completed in 1587ms
436 http fetch GET 200 https://registry.npmjs.org/glob/-/glob-7.2.3.tgz 1385ms (cache miss)
437 timing reifyNode:node_modules/glob Completed in 1592ms
438 http fetch GET 200 https://registry.npmjs.org/shebang-command/-/shebang-command-2.0.0.tgz 1294ms (cache miss)
439 timing reifyNode:node_modules/shebang-command Completed in 1596ms
440 http fetch GET 200 https://registry.npmjs.org/inherits/-/inherits-2.0.4.tgz 1323ms (cache miss)
441 timing reifyNode:node_modules/inherits Completed in 1596ms
442 http fetch GET 200 https://registry.npmjs.org/buffer-from/-/buffer-from-0.1.2.tgz 1300ms (cache miss)
443 timing reifyNode:node_modules/buffer-from Completed in 1597ms
444 http fetch GET 200 https://registry.npmjs.org/commander/-/commander-4.1.1.tgz 1241ms (cache miss)
445 http fetch GET 200 https://registry.npmjs.org/envinfo/-/envinfo-7.11.1.tgz 1265ms (cache miss)
446 timing reifyNode:node_modules/envinfo Completed in 1602ms
447 http fetch GET 200 https://registry.npmjs.org/jsonfile/-/jsonfile-6.1.0.tgz 1306ms (cache miss)
448 timing reifyNode:node_modules/jsonfile Completed in 1605ms
449 http fetch GET 200 https://registry.npmjs.org/path-key/-/path-key-3.1.1.tgz 1302ms (cache miss)
450 timing reifyNode:node_modules/path-key Completed in 1605ms
451 http fetch GET 200 https://registry.npmjs.org/color-convert/-/color-convert-2.0.1.tgz 1290ms (cache miss)
452 timing reifyNode:node_modules/color-convert Completed in 1605ms
453 http fetch GET 200 https://registry.npmjs.org/minimatch/-/minimatch-3.1.2.tgz 1387ms (cache miss)
454 timing reifyNode:node_modules/minimatch Completed in 1609ms
455 http fetch GET 200 https://registry.npmjs.org/isarray/-/isarray-0.0.1.tgz 1335ms (cache miss)
456 timing reifyNode:node_modules/isarray Completed in 1608ms
457 http fetch GET 200 https://registry.npmjs.org/create-react-app/-/create-react-app-5.0.1.tgz 1520ms (cache miss)
458 timing reifyNode:node_modules/create-react-app Completed in 1605ms
459 http fetch GET 200 https://registry.npmjs.org/shebang-regex/-/shebang-regex-3.0.0.tgz 1340ms (cache miss)
460 timing reifyNode:node_modules/shebang-regex Completed in 1609ms
461 http fetch GET 200 https://registry.npmjs.org/lru-cache/-/lru-cache-6.0.0.tgz 1338ms (cache miss)
462 timing reifyNode:node_modules/lru-cache Completed in 1609ms
463 http fetch GET 200 https://registry.npmjs.org/mkdirp/-/mkdirp-0.5.6.tgz 1387ms (cache miss)
464 timing reifyNode:node_modules/mkdirp Completed in 1618ms
465 timing metavuln:cache:put:security-advisory:tar:Oa066nJpV2ox85F6qnk1N5eWmAmoWAMU7byYhWk4oYfHYrQ8aGHfCKRikfcy0dHDcKWKiPRc7Nz7R9fxKkj0Yw== Completed in 867ms
466 timing metavuln:calculate:security-advisory:tar:1089685 Completed in 953ms
467 timing metavuln:packument:tar-pack Completed in 1ms
468 http fetch GET 200 https://registry.npmjs.org/isexe/-/isexe-2.0.0.tgz 1445ms (cache miss)
469 timing reifyNode:node_modules/isexe Completed in 1627ms
470 http fetch GET 200 https://registry.npmjs.org/rimraf/-/rimraf-2.7.1.tgz 1384ms (cache miss)
471 timing reifyNode:node_modules/rimraf Completed in 1636ms
472 http fetch GET 200 https://registry.npmjs.org/validate-npm-package-name/-/validate-npm-package-name-3.0.0.tgz 1306ms (cache miss)
473 http fetch GET 200 https://registry.npmjs.org/duplexer2/-/duplexer2-0.0.2.tgz 1340ms (cache miss)
474 timing reifyNode:node_modules/duplexer2 Completed in 1636ms
475 http fetch GET 200 https://registry.npmjs.org/cross-spawn/-/cross-spawn-7.0.3.tgz 1296ms (cache miss)
476 timing reifyNode:node_modules/cross-spawn Completed in 1634ms
477 timing reifyNode:node_modules/validate-npm-package-name Completed in 1635ms
478 http fetch GET 200 https://registry.npmjs.org/supports-color/-/supports-color-7.2.0.tgz 1310ms (cache miss)
479 timing reifyNode:node_modules/supports-color Completed in 1636ms
480 timing metavuln:cache:get:security-advisory:tar-pack:3KXljJwoAr/NHejfU6kg41RmjF3Pg6M28t7ViuMjk5SYV3kYL9qyGZ417dIFb1Y8K+hhpo0sBWpskxrKhsZQzQ== Completed in 19ms
481 timing metavuln:load:security-advisory:tar-pack:Oa066nJpV2ox85F6qnk1N5eWmAmoWAMU7byYhWk4oYfHYrQ8aGHfCKRikfcy0dHDcKWKiPRc7Nz7R9fxKkj0Yw== Completed in 4ms
482 http fetch GET 200 https://registry.npmjs.org/sisteransi/-/sisteransi-1.0.5.tgz 1366ms (cache miss)
483 timing reifyNode:node_modules/sisteransi Completed in 1655ms
484 http fetch GET 200 https://registry.npmjs.org/fstream-ignore/-/fstream-ignore-1.0.5.tgz 1403ms (cache miss)
485 timing reifyNode:node_modules/fstream-ignore Completed in 1657ms
486 http fetch GET 200 https://registry.npmjs.org/has-flag/-/has-flag-4.0.0.tgz 1389ms (cache miss)
487 timing reifyNode:node_modules/has-flag Completed in 1657ms
488 http fetch GET 200 https://registry.npmjs.org/kleur/-/kleur-3.0.3.tgz 1367ms (cache miss)
489 timing reifyNode:node_modules/kleur Completed in 1657ms
490 timing reifyNode:node_modules/commander Completed in 1655ms
491 http fetch GET 200 https://registry.npmjs.org/ansi-styles/-/ansi-styles-4.3.0.tgz 1346ms (cache miss)
492 timing reifyNode:node_modules/ansi-styles Completed in 1673ms
493 http fetch GET 200 https://registry.npmjs.org/tmp/-/tmp-0.2.3.tgz 1363ms (cache miss)
494 timing reifyNode:node_modules/tmp Completed in 1692ms
495 http fetch GET 200 https://registry.npmjs.org/which/-/which-2.0.2.tgz 1395ms (cache miss)
496 timing reifyNode:node_modules/which Completed in 1696ms
497 http fetch GET 200 https://registry.npmjs.org/hyperquest/-/hyperquest-2.1.3.tgz 1361ms (cache miss)
498 http fetch GET 200 https://registry.npmjs.org/readable-stream/-/readable-stream-1.1.14.tgz 1415ms (cache miss)
499 http fetch GET 200 https://registry.npmjs.org/graceful-fs/-/graceful-fs-4.2.11.tgz 1407ms (cache miss)
500 timing reifyNode:node_modules/graceful-fs Completed in 1708ms
501 http fetch GET 200 https://registry.npmjs.org/safe-buffer/-/safe-buffer-5.1.2.tgz 1580ms (cache miss)
502 timing reifyNode:node_modules/safe-buffer Completed in 1716ms
503 http fetch GET 200 https://registry.npmjs.org/tar-pack/-/tar-pack-3.4.1.tgz 1380ms (cache miss)
504 timing reifyNode:node_modules/readable-stream Completed in 1719ms
505 timing reifyNode:node_modules/hyperquest Completed in 1718ms
506 timing reifyNode:node_modules/tar-pack Completed in 1719ms
507 http fetch GET 200 https://registry.npmjs.org/minimist/-/minimist-1.2.8.tgz 1523ms (cache miss)
508 http fetch GET 200 https://registry.npmjs.org/debug/-/debug-2.6.9.tgz 1461ms (cache miss)
509 timing reifyNode:node_modules/debug Completed in 1728ms
510 http fetch GET 200 https://registry.npmjs.org/fstream/-/fstream-1.0.12.tgz 1484ms (cache miss)
511 timing reifyNode:node_modules/minimist Completed in 1741ms
512 timing reifyNode:node_modules/fstream Completed in 1742ms
513 timing metavuln:cache:put:security-advisory:tar-pack:3KXljJwoAr/NHejfU6kg41RmjF3Pg6M28t7ViuMjk5SYV3kYL9qyGZ417dIFb1Y8K+hhpo0sBWpskxrKhsZQzQ== Completed in 106ms
514 timing metavuln:calculate:security-advisory:tar-pack:Oa066nJpV2ox85F6qnk1N5eWmAmoWAMU7byYhWk4oYfHYrQ8aGHfCKRikfcy0dHDcKWKiPRc7Nz7R9fxKkj0Yw== Completed in 129ms
515 timing metavuln:packument:create-react-app Completed in 0ms
516 timing metavuln:cache:get:security-advisory:create-react-app:BAP5sjD/UipbJVBCija12WlnlurqvRCOfkHPDCK3St763W6JIxpLfRD1F9PMmW4GEaZmK6BFkh/Pye257xPpCw== Completed in 7ms
517 timing metavuln:load:security-advisory:create-react-app:3KXljJwoAr/NHejfU6kg41RmjF3Pg6M28t7ViuMjk5SYV3kYL9qyGZ417dIFb1Y8K+hhpo0sBWpskxrKhsZQzQ== Completed in 10ms
518 http fetch GET 200 https://registry.npmjs.org/readable-stream/-/readable-stream-1.0.34.tgz 1663ms (cache miss)
519 timing reifyNode:node_modules/through2/node_modules/readable-stream Completed in 1776ms
520 http fetch GET 200 https://registry.npmjs.org/readable-stream/-/readable-stream-2.3.8.tgz 1693ms (cache miss)
521 timing reifyNode:node_modules/tar-pack/node_modules/readable-stream Completed in 1784ms
522 timing metavuln:cache:put:security-advisory:create-react-app:BAP5sjD/UipbJVBCija12WlnlurqvRCOfkHPDCK3St763W6JIxpLfRD1F9PMmW4GEaZmK6BFkh/Pye257xPpCw== Completed in 42ms
523 timing metavuln:calculate:security-advisory:create-react-app:3KXljJwoAr/NHejfU6kg41RmjF3Pg6M28t7ViuMjk5SYV3kYL9qyGZ417dIFb1Y8K+hhpo0sBWpskxrKhsZQzQ== Completed in 60ms
524 timing auditReport:init Completed in 1189ms
525 timing reify:audit Completed in 1882ms
526 http fetch GET 200 https://registry.npmjs.org/fs-extra/-/fs-extra-10.1.0.tgz 1559ms (cache miss)
527 timing reifyNode:node_modules/fs-extra Completed in 1896ms
528 http fetch GET 200 https://registry.npmjs.org/semver/-/semver-7.6.0.tgz 1576ms (cache miss)
529 timing reifyNode:node_modules/semver Completed in 1907ms
530 http fetch GET 200 https://registry.npmjs.org/prompts/-/prompts-2.4.2.tgz 1664ms (cache miss)
531 timing reifyNode:node_modules/prompts Completed in 2005ms
532 http fetch GET 200 https://registry.npmjs.org/tar/-/tar-2.2.2.tgz 1877ms (cache miss)
533 warn deprecated tar@2.2.2: This version of tar is no longer supported, and will not receive security updates. Please upgrade asap.
534 timing reifyNode:node_modules/tar Completed in 2129ms
535 timing reify:unpack Completed in 2138ms
536 timing reify:unretire Completed in 0ms
537 timing build:queue Completed in 15ms
538 timing build:link:node_modules/create-react-app Completed in 10ms
539 timing build:link:node_modules/envinfo Completed in 10ms
540 timing build:link:node_modules/mkdirp Completed in 10ms
541 timing build:link:node_modules/rimraf Completed in 10ms
542 timing build:link:node_modules/semver Completed in 10ms
543 timing build:link:node_modules/which Completed in 10ms
544 timing build:link Completed in 11ms
545 timing build:deps Completed in 28ms
546 timing build Completed in 28ms
547 timing reify:build Completed in 28ms
548 timing reify:trash Completed in 0ms
549 timing reify:save Completed in 96ms
550 timing reify Completed in 4855ms
551 timing command:exec Completed in 145580ms
552 notice
552 notice New [31mmajor[39m version of npm available! [31m9.8.1[39m -> [32m10.5.0[39m
552 notice Changelog: [36mhttps://github.com/npm/cli/releases/tag/v10.5.0[39m
552 notice Run [32mnpm install -g npm@10.5.0[39m to update!
552 notice
553 verbose exit 0
554 timing npm Completed in 146010ms
555 info ok
